Time resolution is 1 ps
Time=       0.0ns
  clk=1
reset=1
Time=       5.0ns
  clk=0
Time=      10.0ns
  clk=1
Time=      15.0ns
  clk=0
Time=      20.0ns
  clk=0
Time=      20.0ns
  clk=1
Time=      25.0ns
  clk=1
reset=0
  Testing PC for instruction           0
    Your iaddrbus =    0000000000000000000000000000000000000000000000000000000000000000
    Correct iaddrbus = 0000000000000000000000000000000000000000000000000000000000000000
  instrbus=100010 01110 00000 00000 11111110100 for instruction           0:        SUBI R20, R31, #1
Time=      25.0ns
  clk=0
Time=      30.0ns
  clk=0
Time=      30.0ns
  clk=1
Time=      35.0ns
  clk=1
reset=0
  Testing PC for instruction           1
    Your iaddrbus =    0000000000000000000000000000000000000000000000000000000000000100
    Correct iaddrbus = 0000000000000000000000000000000000000000000000000000000000000100
  instrbus=100010 00000 00000 00101 01111110101 for instruction           1:     ADDI R21, R31, #1010
Time=      35.0ns
  clk=0
Time=      40.0ns
  clk=0
Time=      40.0ns
  clk=1
Time=      45.0ns
  clk=1
reset=0
  Testing PC for instruction           2
    Your iaddrbus =    0000000000000000000000000000000000000000000000000000000000001000
    Correct iaddrbus = 0000000000000000000000000000000000000000000000000000000000001000
  instrbus=100010 00000 00000 00000 11111110110 for instruction           2:        ADDI R22, R31, #1
Time=      45.0ns
  clk=0
Time=      50.0ns
  clk=0
Time=      50.0ns
  clk=1
Time=      55.0ns
  clk=1
reset=0
  Testing PC for instruction           3
    Your iaddrbus =    0000000000000000000000000000000000000000000000000000000000001100
    Correct iaddrbus = 0000000000000000000000000000000000000000000000000000000000001100
  instrbus=110100 00000 00000 00000 01010011000 for instruction           3:        LDUR R24, [R20,0]
  Testing data address for instruction           0:
         SUBI R20, R31, #1
    Your daddrbus =    1111111111111111111111111111111111111111111111111111111111111111
    Correct daddrbus = 1111111111111111111111111111111111111111111111111111111111111111
Time=      55.0ns
  clk=0
Time=      60.0ns
  clk=0
Time=      60.0ns
  clk=1
Time=      65.0ns
  clk=1
reset=0
  Testing PC for instruction           4
    Your iaddrbus =    0000000000000000000000000000000000000000000000000000000000010000
    Correct iaddrbus = 0000000000000000000000000000000000000000000000000000000000010000
  instrbus=110100 00000 00000 00000 01010111001 for instruction           4:        LDUR R25, [R21,0]
  Testing data address for instruction           1:
      ADDI R21, R31, #1010
    Your daddrbus =    0000000000000000000000000000000000000000000000000000000000001010
    Correct daddrbus = 0000000000000000000000000000000000000000000000000000000000001010
Time=      65.0ns
  clk=0
Time=      70.0ns
  clk=0
Time=      70.0ns
  clk=1
Time=      75.0ns
  clk=1
reset=0
  Testing PC for instruction           5
    Your iaddrbus =    0000000000000000000000000000000000000000000000000000000000010100
    Correct iaddrbus = 0000000000000000000000000000000000000000000000000000000000010100
  instrbus=110100 00001 00000 10100 11011010100 for instruction           5:       STUR R20, [R22,10]
  Testing data address for instruction           2:
         ADDI R22, R31, #1
    Your daddrbus =    0000000000000000000000000000000000000000000000000000000000000001
    Correct daddrbus = 0000000000000000000000000000000000000000000000000000000000000001
Time=      75.0ns
  clk=0
Time=      80.0ns
  clk=0
Time=      80.0ns
  clk=1
Time=      85.0ns
  clk=1
reset=0
  Testing PC for instruction           6
    Your iaddrbus =    0000000000000000000000000000000000000000000000000000000000011000
    Correct iaddrbus = 0000000000000000000000000000000000000000000000000000000000011000
  instrbus=001010 00100 11000 00000 01011001010 for instruction           6:       EOR  R10, R22, R24
  Testing data address for instruction           3:
         LDUR R24, [R20,0]
    Your daddrbus =    1111111111111111111111111111111111111111111111111111111111111111
    Correct daddrbus = 1111111111111111111111111111111111111111111111111111111111111111
Time=      85.0ns
  clk=0
Time=      90.0ns
  clk=0
Time=      90.0ns
  clk=1
Time=      95.0ns
  clk=1
reset=0
  Testing PC for instruction           7
    Your iaddrbus =    0000000000000000000000000000000000000000000000000000000000011100
    Correct iaddrbus = 0000000000000000000000000000000000000000000000000000000000011100
  instrbus=001010 00110 00001 00010 01100010111 for instruction           7:        LSL  R23, R24, #4
  Testing data address for instruction           4:
         LDUR R25, [R21,0]
    Your daddrbus =    0000000000000000000000000000000000000000000000000000000000001010
    Correct daddrbus = 0000000000000000000000000000000000000000000000000000000000001010
Time=      95.0ns
  clk=0
Time=     100.0ns
  clk=0
Time=     100.0ns
  clk=1
Time=     105.0ns
  clk=1
reset=0
  Testing PC for instruction           8
    Your iaddrbus =    0000000000000000000000000000000000000000000000000000000000100000
    Correct iaddrbus = 0000000000000000000000000000000000000000000000000000000000100000
  instrbus=001010 00010 11000 00000 01011010100 for instruction           8:       AND  R20, R22, R24
  Testing data address for instruction           5:
        STUR R20, [R22,10]
    Your daddrbus =    0000000000000000000000000000000000000000000000000000000000001011
    Correct daddrbus = 0000000000000000000000000000000000000000000000000000000000001011
  Testing store data for instruction           5:
        STUR R20, [R22,10]
    Your databus =    1111111111111111111111111111111111111111111111111111111111111111
    Correct databus = 1111111111111111111111111111111111111111111111111111111111111111
Time=     105.0ns
  clk=0
Time=     110.0ns
  clk=0
Time=     110.0ns
  clk=1
Time=     115.0ns
  clk=1
reset=0
  Testing PC for instruction           9
    Your iaddrbus =    0000000000000000000000000000000000000000000000000000000000100100
    Correct iaddrbus = 0000000000000000000000000000000000000000000000000000000000100100
  instrbus=110100 00001 00001 01000 11011010101 for instruction           9:      STUR R21, [R22, 20]
  Testing data address for instruction           6:
        EOR  R10, R22, R24
    Your daddrbus =    1100110011001100110011001100110011001100110011001100110011001101
    Correct daddrbus = 1100110011001100110011001100110011001100110011001100110011001101
Time=     115.0ns
  clk=0
Time=     120.0ns
  clk=0
Time=     120.0ns
  clk=1
Time=     125.0ns
  clk=1
reset=0
  Testing PC for instruction          10
    Your iaddrbus =    0000000000000000000000000000000000000000000000000000000000101000
    Correct iaddrbus = 0000000000000000000000000000000000000000000000000000000000101000
  instrbus=001010 00010 11001 00000 01011010101 for instruction          10:       AND  R21, R22, R25
  Testing data address for instruction           7:
         LSL  R23, R24, #4
    Your daddrbus =    1100110011001100110011001100110011001100110011001100110011000000
    Correct daddrbus = 1100110011001100110011001100110011001100110011001100110011000000
Time=     125.0ns
  clk=0
Time=     130.0ns
  clk=0
Time=     130.0ns
  clk=1
Time=     135.0ns
  clk=1
reset=0
  Testing PC for instruction          11
    Your iaddrbus =    0000000000000000000000000000000000000000000000000000000000101100
    Correct iaddrbus = 0000000000000000000000000000000000000000000000000000000000101100
  instrbus=001010 00000 11001 00000 01100011100 for instruction          11:       ADD  R28, R24, R25
  Testing data address for instruction           8:
        AND  R20, R22, R24
    Your daddrbus =    0000000000000000000000000000000000000000000000000000000000000000
    Correct daddrbus = 0000000000000000000000000000000000000000000000000000000000000000
Time=     135.0ns
  clk=0
Time=     140.0ns
  clk=0
Time=     140.0ns
  clk=1
Time=     145.0ns
  clk=1
reset=0
  Testing PC for instruction          12
    Your iaddrbus =    0000000000000000000000000000000000000000000000000000000000110000
    Correct iaddrbus = 0000000000000000000000000000000000000000000000000000000000110000
  instrbus=100010 01110 00000 00111 11100010011 for instruction          12:      SUBI R19, R24, 1111
  Testing data address for instruction           9:
       STUR R21, [R22, 20]
    Your daddrbus =    0000000000000000000000000000000000000000000000000000000000010101
    Correct daddrbus = 0000000000000000000000000000000000000000000000000000000000010101
  Testing store data for instruction           9:
       STUR R21, [R22, 20]
    Your databus =    0000000000000000000000000000000000000000000000000000000000001010
    Correct databus = 0000000000000000000000000000000000000000000000000000000000001010
Time=     145.0ns
  clk=0
Time=     150.0ns
  clk=0
Time=     150.0ns
  clk=1
Time=     155.0ns
  clk=1
reset=0
  Testing PC for instruction          13
    Your iaddrbus =    0000000000000000000000000000000000000000000000000000000000110100
    Correct iaddrbus = 0000000000000000000000000000000000000000000000000000000000110100
  instrbus=001010 00000 11001 00000 01100011101 for instruction          13:       ADD  R29, R24, R25
  Testing data address for instruction          10:
        AND  R21, R22, R25
    Your daddrbus =    0000000000000000000000000000000000000000000000000000000000000000
    Correct daddrbus = 0000000000000000000000000000000000000000000000000000000000000000
Time=     155.0ns
  clk=0
Time=     160.0ns
  clk=0
Time=     160.0ns
  clk=1
Time=     165.0ns
  clk=1
reset=0
  Testing PC for instruction          14
    Your iaddrbus =    0000000000000000000000000000000000000000000000000000000000111000
    Correct iaddrbus = 0000000000000000000000000000000000000000000000000000000000111000
  instrbus=100010 01100 00100 01000 11010010010 for instruction          14:    ORRI R18, R20, 0x1111
  Testing data address for instruction          11:
        ADD  R28, R24, R25
    Your daddrbus =    0111011101110111011101110111011101110111011101110111011101110110
    Correct daddrbus = 0111011101110111011101110111011101110111011101110111011101110110
Time=     165.0ns
  clk=0
Time=     170.0ns
  clk=0
Time=     170.0ns
  clk=1
Time=     175.0ns
  clk=1
reset=0
  Testing PC for instruction          15
    Your iaddrbus =    0000000000000000000000000000000000000000000000000000000000111100
    Correct iaddrbus = 0000000000000000000000000000000000000000000000000000000000111100
  instrbus=001010 01000 10101 00000 01010011110 for instruction          15:       ORR  R30, R20, R21
  Testing data address for instruction          12:
       SUBI R19, R24, 1111
    Your daddrbus =    1100110011001100110011001100110011001100110011001100110010111101
    Correct daddrbus = 1100110011001100110011001100110011001100110011001100110010111101
Time=     175.0ns
  clk=0
Time=     180.0ns
  clk=0
Time=     180.0ns
  clk=1
Time=     185.0ns
  clk=1
reset=0
  Testing PC for instruction          16
    Your iaddrbus =    0000000000000000000000000000000000000000000000000000000001000000
    Correct iaddrbus = 0000000000000000000000000000000000000000000000000000000001000000
  instrbus=000011 00000 00000 00000 01100000000 for instruction          16:                B    #300
  Testing data address for instruction          13:
        ADD  R29, R24, R25
    Your daddrbus =    0111011101110111011101110111011101110111011101110111011101110110
    Correct daddrbus = 0111011101110111011101110111011101110111011101110111011101110110
Time=     185.0ns
  clk=0
Time=     190.0ns
  clk=0
Time=     190.0ns
  clk=1
Time=     195.0ns
  clk=1
reset=0
  Testing PC for instruction          17
    Your iaddrbus =    0000000000000000000000000000000000000000000000000000000001000100
    Correct iaddrbus = 0000000000000000000000000000000000000000000000000000000001000100
  instrbus=001010 00101 10101 00000 01010001010 for instruction          17:       ENOR R10, R20, R21
  Testing data address for instruction          14:
     ORRI R18, R20, 0x1111
    Your daddrbus =    0000000000000000000000000000000000000000000000000000000100010001
    Correct daddrbus = 0000000000000000000000000000000000000000000000000000000100010001
Time=     195.0ns
  clk=0
Time=     200.0ns
  clk=0
Time=     200.0ns
  clk=1
Time=     205.0ns
  clk=1
reset=0
  Testing PC for instruction          18
    Your iaddrbus =    0000000000000000000000000000000000000000000000000000110001000000
    Correct iaddrbus = 0000000000000000000000000000000000000000000000000000110001000000
  instrbus=001010 00100 10101 00000 01010001001 for instruction          18:       EOR  R9,  R20, R21
  Testing data address for instruction          15:
        ORR  R30, R20, R21
    Your daddrbus =    0000000000000000000000000000000000000000000000000000000000000000
    Correct daddrbus = 0000000000000000000000000000000000000000000000000000000000000000
Time=     205.0ns
  clk=0
Time=     210.0ns
  clk=0
Time=     210.0ns
  clk=1
Time=     215.0ns
  clk=1
reset=0
  Testing PC for instruction          19
    Your iaddrbus =    0000000000000000000000000000000000000000000000000000110001000100
    Correct iaddrbus = 0000000000000000000000000000000000000000000000000000110001000100
  instrbus=001010 01001 10101 00000 01111101111 for instruction          19:       SUB  R15, R31, R21
  Testing data address for instruction          16:
                 B    #300
    Your daddrbus =    1100110011001100110011001100110011001100110011001100110011001100
    Correct daddrbus = 1100110011001100110011001100110011001100110011001100110011001100
Time=     215.0ns
  clk=0
Time=     220.0ns
  clk=0
Time=     220.0ns
  clk=1
Time=     225.0ns
  clk=1
reset=0
  Testing PC for instruction          20
    Your iaddrbus =    0000000000000000000000000000000000000000000000000000110001001000
    Correct iaddrbus = 0000000000000000000000000000000000000000000000000000110001001000
  instrbus=001010 00110 00001 00001 00101001011 for instruction          20:        LSL  R11, R10, #2
  Testing data address for instruction          17:
        ENOR R10, R20, R21
    Your daddrbus =    1111111111111111111111111111111111111111111111111111111111111111
    Correct daddrbus = 1111111111111111111111111111111111111111111111111111111111111111
Time=     225.0ns
  clk=0
Time=     230.0ns
  clk=0
Time=     230.0ns
  clk=1
Time=     235.0ns
  clk=1
reset=0
  Testing PC for instruction          21
    Your iaddrbus =    0000000000000000000000000000000000000000000000000000110001001100
    Correct iaddrbus = 0000000000000000000000000000000000000000000000000000110001001100
  instrbus=001010 00111 00001 00011 00100101100 for instruction          21:       LSR  R12, R9, #110
  Testing data address for instruction          18:
        EOR  R9,  R20, R21
    Your daddrbus =    0000000000000000000000000000000000000000000000000000000000000000
    Correct daddrbus = 0000000000000000000000000000000000000000000000000000000000000000
Time=     235.0ns
  clk=0
Time=     240.0ns
  clk=0
Time=     240.0ns
  clk=1
Time=     245.0ns
  clk=1
reset=0
  Testing PC for instruction          22
    Your iaddrbus =    0000000000000000000000000000000000000000000000000000110001010000
    Correct iaddrbus = 0000000000000000000000000000000000000000000000000000110001010000
  instrbus=100010 00100 11111 11111 10111110100 for instruction          22:      ANDI R20, R15, #7FF
  Testing data address for instruction          19:
        SUB  R15, R31, R21
    Your daddrbus =    0000000000000000000000000000000000000000000000000000000000000000
    Correct daddrbus = 0000000000000000000000000000000000000000000000000000000000000000
Time=     245.0ns
  clk=0
Time=     250.0ns
  clk=0
Time=     250.0ns
  clk=1
Time=     255.0ns
  clk=1
reset=0
  Testing PC for instruction          23
    Your iaddrbus =    0000000000000000000000000000000000000000000000000000110001010100
    Correct iaddrbus = 0000000000000000000000000000000000000000000000000000110001010100
  instrbus=100010 10000 00000 00000 11011011111 for instruction          23:       SUBIS R31, R22, #1
  Testing data address for instruction          20:
         LSL  R11, R10, #2
    Your daddrbus =    1111111111111111111111111111111111111111111111111111111111111100
    Correct daddrbus = 1111111111111111111111111111111111111111111111111111111111111100
Time=     255.0ns
  clk=0
Time=     260.0ns
  clk=0
Time=     260.0ns
  clk=1
Time=     265.0ns
  clk=1
reset=0
  Testing PC for instruction          24
    Your iaddrbus =    0000000000000000000000000000000000000000000000000000110001011000
    Correct iaddrbus = 0000000000000000000000000000000000000000000000000000110001011000
  instrbus=011101 00000 00000 00000 01000000000 for instruction          24:                 BEQ  #16
  Testing data address for instruction          21:
        LSR  R12, R9, #110
    Your daddrbus =    0000000000000000000000000000000000000000000000000000000000000000
    Correct daddrbus = 0000000000000000000000000000000000000000000000000000000000000000
Time=     265.0ns
  clk=0
Time=     270.0ns
  clk=0
Time=     270.0ns
  clk=1
Time=     275.0ns
  clk=1
reset=0
  Testing PC for instruction          25
    Your iaddrbus =    0000000000000000000000000000000000000000000000000000110001011100
    Correct iaddrbus = 0000000000000000000000000000000000000000000000000000110001011100
  instrbus=100010 01000 00000 00000 11111111111 for instruction          25:        EORI R31, R31, #1
  Testing data address for instruction          22:
       ANDI R20, R15, #7FF
    Your daddrbus =    0000000000000000000000000000000000000000000000000000000000000000
    Correct daddrbus = 0000000000000000000000000000000000000000000000000000000000000000
Time=     275.0ns
  clk=0
Time=     280.0ns
  clk=0
Time=     280.0ns
  clk=1
Time=     285.0ns
  clk=1
reset=0
  Testing PC for instruction          26
    Your iaddrbus =    0000000000000000000000000000000000000000000000000000110010011000
    Correct iaddrbus = 0000000000000000000000000000000000000000000000000000110010011000
  instrbus=100010 00010 00000 00111 11111100010 for instruction          26:      ADDIS R2,  R31, #15
  Testing data address for instruction          23:
        SUBIS R31, R22, #1
    Your daddrbus =    0000000000000000000000000000000000000000000000000000000000000000
    Correct daddrbus = 0000000000000000000000000000000000000000000000000000000000000000
Time=     285.0ns
  clk=0
Time=     290.0ns
  clk=0
Time=     290.0ns
  clk=1
Time=     295.0ns
  clk=1
reset=0
  Testing PC for instruction          27
    Your iaddrbus =    0000000000000000000000000000000000000000000000000000110010011100
    Correct iaddrbus = 0000000000000000000000000000000000000000000000000000110010011100
  instrbus=011101 11000 00000 00000 10010010100 for instruction          27:                 BGE  #24
Time=     295.0ns
  clk=0
Time=     300.0ns
  clk=0
Time=     300.0ns
  clk=1
Time=     305.0ns
  clk=1
reset=0
  Testing PC for instruction          28
    Your iaddrbus =    0000000000000000000000000000000000000000000000000000110010100000
    Correct iaddrbus = 0000000000000000000000000000000000000000000000000000110010100000
  instrbus=001010 00101 11111 00000 01011011111 for instruction          28:  NOP  ENOR R31, R22, R31
  Testing data address for instruction          25:
         EORI R31, R31, #1
    Your daddrbus =    0000000000000000000000000000000000000000000000000000000000000001
    Correct daddrbus = 0000000000000000000000000000000000000000000000000000000000000001
Time=     305.0ns
  clk=0
Time=     310.0ns
  clk=0
Time=     310.0ns
  clk=1
Time=     315.0ns
  clk=1
reset=0
  Testing PC for instruction          29
    Your iaddrbus =    0000000000000000000000000000000000000000000000000000110100101100
    Correct iaddrbus = 0000000000000000000000000000000000000000000000000000110100101100
  instrbus=001010 01001 10101 00000 01010011111 for instruction          29:  NOP  SUB  R31, R20, R21
  Testing data address for instruction          26:
       ADDIS R2,  R31, #15
    Your daddrbus =    0000000000000000000000000000000000000000000000000000000000001111
    Correct daddrbus = 0000000000000000000000000000000000000000000000000000000000001111
Time=     315.0ns
  clk=0
Time=     320.0ns
  clk=0
Time=     320.0ns
  clk=1
Time=     325.0ns
  clk=1
reset=0
  Testing PC for instruction          30
    Your iaddrbus =    0000000000000000000000000000000000000000000000000000110100110000
    Correct iaddrbus = 0000000000000000000000000000000000000000000000000000110100110000
  instrbus=001010 01010 11100 00000 01100011111 for instruction          30:       SUBS R31, R24, R28
  Testing data address for instruction          27:
                  BGE  #24
    Your daddrbus =    xxxxxxxxxxxxxxxxxxxxxxxxxxxxxxxxxxxxxxxxxxxxxxxxxxxxxxxxxxxxxxx0
    Correct daddrbus = 1001100110011001100110011001100110011001100110011001100110011000
    -------------ERROR. A Mismatch Has Occured-----------
Time=     325.0ns
  clk=0
Time=     330.0ns
  clk=0
Time=     330.0ns
  clk=1
Time=     335.0ns
  clk=1
reset=0
  Testing PC for instruction          31
    Your iaddrbus =    0000000000000000000000000000000000000000000000000000110100110100
    Correct iaddrbus = 0000000000000000000000000000000000000000000000000000110100110100
  instrbus=011101 10000 00000 00000 01000000000 for instruction          31:                 BLT  #16
  Testing data address for instruction          28:
   NOP  ENOR R31, R22, R31
    Your daddrbus =    1111111111111111111111111111111111111111111111111111111111111110
    Correct daddrbus = 1111111111111111111111111111111111111111111111111111111111111110
Time=     335.0ns
  clk=0
Time=     340.0ns
  clk=0
Time=     340.0ns
  clk=1
Time=     345.0ns
  clk=1
reset=0
  Testing PC for instruction          32
    Your iaddrbus =    0000000000000000000000000000000000000000000000000000110100111000
    Correct iaddrbus = 0000000000000000000000000000000000000000000000000000110100111000
  instrbus=001010 00011 11111 00000 01010011111 for instruction          32: OP  ANDS  R31,  R20, R31
Time=     345.0ns
  clk=0
Time=     350.0ns
  clk=0
Time=     350.0ns
  clk=1
Time=     355.0ns
  clk=1
reset=0
  Testing PC for instruction          33
    Your iaddrbus =    0000000000000000000000000000000000000000000000000000110101110100
    Correct iaddrbus = 0000000000000000000000000000000000000000000000000000110101110100
  instrbus=001010 00001 11111 00000 01010011111 for instruction          33: OP  ADDS  R31,  R20, R31
  Testing data address for instruction          30:
        SUBS R31, R24, R28
    Your daddrbus =    0101010101010101010101010101010101010101010101010101010101010110
    Correct daddrbus = 0101010101010101010101010101010101010101010101010101010101010110
Time=     355.0ns
  clk=0
Time=     360.0ns
  clk=0
Time=     360.0ns
  clk=1
Time=     365.0ns
  clk=1
reset=0
  Testing PC for instruction          34
    Your iaddrbus =    0000000000000000000000000000000000000000000000000000110101111000
    Correct iaddrbus = 0000000000000000000000000000000000000000000000000000110101111000
  instrbus=001010 01000 11000 00000 01010011111 for instruction          34:      ORR  R31,  R20, R24
Time=     365.0ns
  clk=0
Time=     370.0ns
  clk=0
Time=     370.0ns
  clk=1
Time=     375.0ns
  clk=1
reset=0
  Testing PC for instruction          35
    Your iaddrbus =    0000000000000000000000000000000000000000000000000000110101111100
    Correct iaddrbus = 0000000000000000000000000000000000000000000000000000110101111100
  instrbus=001010 00011 11111 00000 01011011111 for instruction          35:      ANDS R31,  R22, R31
  Testing data address for instruction          32:
  OP  ANDS  R31,  R20, R31
    Your daddrbus =    0000000000000000000000000000000000000000000000000000000000000000
    Correct daddrbus = 0000000000000000000000000000000000000000000000000000000000000000
Time=     375.0ns
  clk=0
Time=     380.0ns
  clk=0
Time=     380.0ns
  clk=1
Time=     385.0ns
  clk=1
reset=0
  Testing PC for instruction          36
    Your iaddrbus =    0000000000000000000000000000000000000000000000000000110110000000
    Correct iaddrbus = 0000000000000000000000000000000000000000000000000000110110000000
  instrbus=011101 01000 00000 00000 00010000000 for instruction          36:                  BNE  #4
  Testing data address for instruction          33:
  OP  ADDS  R31,  R20, R31
    Your daddrbus =    0000000000000000000000000000000000000000000000000000000000000000
    Correct daddrbus = 0000000000000000000000000000000000000000000000000000000000000000
Time=     385.0ns
  clk=0
Time=     390.0ns
  clk=0
Time=     390.0ns
  clk=1
Time=     395.0ns
  clk=1
reset=0
  Testing PC for instruction          37
    Your iaddrbus =    0000000000000000000000000000000000000000000000000000110110000100
    Correct iaddrbus = 0000000000000000000000000000000000000000000000000000110110000100
  instrbus=100010 01010 00000 00000 01111111111 for instruction          37: NOP  ENORI R31,  R31, #0
  Testing data address for instruction          34:
       ORR  R31,  R20, R24
    Your daddrbus =    1100110011001100110011001100110011001100110011001100110011001100
    Correct daddrbus = 1100110011001100110011001100110011001100110011001100110011001100
Time=     395.0ns
  clk=0
Time=     400.0ns
  clk=0
Time=     400.0ns
  clk=1
Time=     405.0ns
  clk=1
reset=0
  Testing PC for instruction          38
    Your iaddrbus =    0000000000000000000000000000000000000000000000000000110110001000
    Correct iaddrbus = 0000000000000000000000000000000000000000000000000000110110001000
  instrbus=001010 01010 01010 00000 00101111101 for instruction          38:      SUBS  R29, R11, R10
Time=     405.0ns
  clk=0
Time=     410.0ns
  clk=0
Time=     410.0ns
  clk=1
Time=     415.0ns
  clk=1
reset=0
  Testing PC for instruction          39
    Your iaddrbus =    0000000000000000000000000000000000000000000000000000110110001100
    Correct iaddrbus = 0000000000000000000000000000000000000000000000000000110110001100
  instrbus=100010 01100 00011 11000 01111110100 for instruction          39:     ORRI R20, R31, #h0F0
  Testing data address for instruction          36:
                   BNE  #4
    Your daddrbus =    xxxxxxxxxxxxxxxxxxxxxxxxxxxxxxxxxxxxxxxxxxxxxxxxxxxxxxxxxxxxxxxx
    Correct daddrbus = 0110011001100110011001100110011001100110011001100110011001100000
    -------------ERROR. A Mismatch Has Occured-----------
Time=     415.0ns
  clk=0
Time=     420.0ns
  clk=0
Time=     420.0ns
  clk=1
Time=     425.0ns
  clk=1
reset=0
  Testing PC for instruction          40
    Your iaddrbus =    0000000000000000000000000000000000000000000000000000110110010000
    Correct iaddrbus = 0000000000000000000000000000000000000000000000000000110110010000
  instrbus=001010 00111 00001 00101 01010011111 for instruction          40:     LSR  R31, R20, 6'd10
  Testing data address for instruction          37:
  NOP  ENORI R31,  R31, #0
    Your daddrbus =    1111111111111111111111111111111111111111111111111111111111111111
    Correct daddrbus = 1111111111111111111111111111111111111111111111111111111111111111
Time=     425.0ns
  clk=0
Time=     430.0ns
  clk=0
Time=     430.0ns
  clk=1
Time=     435.0ns
  clk=1
reset=0
  Testing PC for instruction          41
    Your iaddrbus =    0000000000000000000000000000000000000000000000000000110110010100
    Correct iaddrbus = 0000000000000000000000000000000000000000000000000000110110010100
  instrbus=100010 00110 00011 11111 11010011111 for instruction          41:    ANDIS R31, R20, 0x0FF
  Testing data address for instruction          38:
       SUBS  R29, R11, R10
    Your daddrbus =    1111111111111111111111111111111111111111111111111111111111111101
    Correct daddrbus = 1111111111111111111111111111111111111111111111111111111111111101
Time=     435.0ns
  clk=0
Time=     440.0ns
  clk=0
Time=     440.0ns
  clk=1
Time=     445.0ns
  clk=1
reset=0
  Testing PC for instruction          42
    Your iaddrbus =    0000000000000000000000000000000000000000000000000000110110011000
    Correct iaddrbus = 0000000000000000000000000000000000000000000000000000110110011000
  instrbus=111101 00000 00000 00000 10000011111 for instruction          42:           CBZ  R31, #d32
  Testing data address for instruction          39:
      ORRI R20, R31, #h0F0
    Your daddrbus =    0000000000000000000000000000000000000000000000000000000011110000
    Correct daddrbus = 0000000000000000000000000000000000000000000000000000000011110000
Time=     445.0ns
  clk=0
Time=     450.0ns
  clk=0
Time=     450.0ns
  clk=1
Time=     455.0ns
  clk=1
reset=0
  Testing PC for instruction          43
    Your iaddrbus =    0000000000000000000000000000000000000000000000000000110110011100
    Correct iaddrbus = 0000000000000000000000000000000000000000000000000000110110011100
  instrbus=110010 10101 00010 00100 01000111111 for instruction          43:  R31, (<< 1*16), #h1111 
  Testing data address for instruction          40:
      LSR  R31, R20, 6'd10
    Your daddrbus =    0000000000000000000000000000000000000000000000000000000000000000
    Correct daddrbus = 0000000000000000000000000000000000000000000000000000000000000000
Time=     455.0ns
  clk=0
Time=     460.0ns
  clk=0
Time=     460.0ns
  clk=1
Time=     465.0ns
  clk=1
reset=0
  Testing PC for instruction          44
    Your iaddrbus =    0000000000000000000000000000000000000000000000000000111000011000
    Correct iaddrbus = 0000000000000000000000000000000000000000000000000000111000011000
  instrbus=110010 10110 00000 00000 00000111111 for instruction          44:  R31, (<< 2*16), #h0001 
  Testing data address for instruction          41:
     ANDIS R31, R20, 0x0FF
    Your daddrbus =    0000000000000000000000000000000000000000000000000000000000000000
    Correct daddrbus = 0000000000000000000000000000000000000000000000000000000000000000
Time=     465.0ns
  clk=0
Time=     470.0ns
  clk=0
Time=     470.0ns
  clk=1
Time=     475.0ns
  clk=1
reset=0
  Testing PC for instruction          45
    Your iaddrbus =    0000000000000000000000000000000000000000000000000000111000011100
    Correct iaddrbus = 0000000000000000000000000000000000000000000000000000111000011100
  instrbus=001010 00001 01001 00000 00101011111 for instruction          45:        ADDS R31, R10, R9
Time=     475.0ns
  clk=0
Time=     480.0ns
  clk=0
Time=     480.0ns
  clk=1
Time=     485.0ns
  clk=1
reset=0
  Testing PC for instruction          46
    Your iaddrbus =    0000000000000000000000000000000000000000000000000000111000100000
    Correct iaddrbus = 0000000000000000000000000000000000000000000000000000111000100000
  instrbus=100010 01010 00000 00000 01111111111 for instruction          46:      ENORI R31,  R31, #0
  Testing data address for instruction          43:
   R31, (<< 1*16), #h1111 
    Your daddrbus =    0000000000000000000000000000000000010001000100010000000000000000
    Correct daddrbus = 0000000000000000000000000000000000010001000100010000000000000000
Time=     485.0ns
  clk=0
Time=     490.0ns
  clk=0
Time=     490.0ns
  clk=1
Time=     495.0ns
  clk=1
reset=0
  Testing PC for instruction          47
    Your iaddrbus =    0000000000000000000000000000000000000000000000000000111000100100
    Correct iaddrbus = 0000000000000000000000000000000000000000000000000000111000100100
  instrbus=111101 01000 00000 00000 01000010100 for instruction          47:           CBNZ R20, #d16
  Testing data address for instruction          44:
   R31, (<< 2*16), #h0001 
    Your daddrbus =    0000000000000000000000000000000100000000000000000000000000000000
    Correct daddrbus = 0000000000000000000000000000000100000000000000000000000000000000
Time=     495.0ns
  clk=0
Time=     500.0ns
  clk=0
Time=     500.0ns
  clk=1
Time=     505.0ns
  clk=1
reset=0
  Testing PC for instruction          48
    Your iaddrbus =    0000000000000000000000000000000000000000000000000000111000101000
    Correct iaddrbus = 0000000000000000000000000000000000000000000000000000111000101000
  instrbus=100010 01000 00011 11111 11111111111 for instruction          48: OP  EORI  R31,  R31, #FF
Time=     505.0ns
  clk=0
Time=     510.0ns
  clk=0
Time=     510.0ns
  clk=1
Time=     515.0ns
  clk=1
reset=0
  Testing PC for instruction          49
    Your iaddrbus =    0000000000000000000000000000000000000000000000000000111001100100
    Correct iaddrbus = 0000000000000000000000000000000000000000000000000000111001100100
  instrbus=100010 00100 11111 11111 11111111111 for instruction          49: P  ANDI  R31,  R31, #FFF
  Testing data address for instruction          46:
       ENORI R31,  R31, #0
    Your daddrbus =    1111111111111111111111111111111111111111111111111111111111111111
    Correct daddrbus = 1111111111111111111111111111111111111111111111111111111111111111
Time=     515.0ns
  clk=0
Time=     520.0ns
  clk=0
Time=     520.0ns
  clk=1
Time=     525.0ns
  clk=1
reset=0
  Testing PC for instruction          50
    Your iaddrbus =    0000000000000000000000000000000000000000000000000000111001101000
    Correct iaddrbus = 0000000000000000000000000000000000000000000000000000111001101000
  instrbus=100010 10000 00000 10101 10110011111 for instruction          50: OP  SUBIS R31,  R12, #43
Time=     525.0ns
  clk=0
Time=     530.0ns
  clk=0
Time=     530.0ns
  clk=1
Time=     535.0ns
  clk=1
reset=0
  Testing PC for instruction          51
    Your iaddrbus =    0000000000000000000000000000000000000000000000000000111001101100
    Correct iaddrbus = 0000000000000000000000000000000000000000000000000000111001101100
  instrbus=100010 00010 00000 00101 11111111111 for instruction          51: P  ADDIS  R31,  R31, #11
  Testing data address for instruction          48:
  OP  EORI  R31,  R31, #FF
    Your daddrbus =    0000000000000000000000000000000000000000000000000000000011111111
    Correct daddrbus = 0000000000000000000000000000000000000000000000000000000011111111
Time=     535.0ns
  clk=0
Time=     540.0ns
  clk=0
Time=     540.0ns
  clk=1
Time=     545.0ns
  clk=1
reset=0
  Testing PC for instruction          52
    Your iaddrbus =    0000000000000000000000000000000000000000000000000000111001110000
    Correct iaddrbus = 0000000000000000000000000000000000000000000000000000111001110000
  instrbus=100010 00110 11111 11111 11111111111 for instruction          52:   ANDIS  R31,  R29, #7FF
  Testing data address for instruction          49:
  P  ANDI  R31,  R31, #FFF
    Your daddrbus =    0000000000000000000000000000000000000000000000000000000000000000
    Correct daddrbus = 0000000000000000000000000000000000000000000000000000000000000000
Time=     545.0ns
  clk=0
Time=     550.0ns
  clk=0
--------- SIMULATION UNSUCCESFUL - MISMATCHES HAVE OCCURED ----------
 Number Of Errors =           2
 Total Test numbers =          59
 Total number of correct operations =          57
 
WARNING - WARNING - WARNING - WARNING - WARNING
THIS IS NOT THE TESTBENCH THAT SHALL BE USED TO GRADE YOUR INDIVIDUAL PROJECT
THE PURPOSE OF THIS TESTBENCH IS TO GET YOU STARTED
A MORE COMPLICATED TESTBENCH WILL BE USED TO FULLY TEST YOUR DESIGN
THIS TESTBENCH MAY CONTAIN BUGS
END OF WARNING
 
Time=       0.0ns
  clk=1
reset=1
Time=       5.0ns
  clk=0
Time=      10.0ns
  clk=1
Time=      15.0ns
  clk=0
Time=      20.0ns
  clk=0
Time=      20.0ns
  clk=1
Time=      25.0ns
  clk=1
reset=0
  Testing PC for instruction           0
    Your iaddrbus =    0000000000000000000000000000000000000000000000000000000000000000
    Correct iaddrbus = 0000000000000000000000000000000000000000000000000000000000000000
  instrbus=100010 01110 00000 00000 11111110100 for instruction           0:        SUBI R20, R31, #1
Time=      25.0ns
  clk=0
Time=      30.0ns
  clk=0
Time=      30.0ns
  clk=1
Time=      35.0ns
  clk=1
reset=0
  Testing PC for instruction           1
    Your iaddrbus =    0000000000000000000000000000000000000000000000000000000000000100
    Correct iaddrbus = 0000000000000000000000000000000000000000000000000000000000000100
  instrbus=100010 00000 00000 00101 01111110101 for instruction           1:     ADDI R21, R31, #1010
Time=      35.0ns
  clk=0
Time=      40.0ns
  clk=0
Time=      40.0ns
  clk=1
Time=      45.0ns
  clk=1
reset=0
  Testing PC for instruction           2
    Your iaddrbus =    0000000000000000000000000000000000000000000000000000000000001000
    Correct iaddrbus = 0000000000000000000000000000000000000000000000000000000000001000
  instrbus=100010 00000 00000 00000 11111110110 for instruction           2:        ADDI R22, R31, #1
Time=      45.0ns
  clk=0
Time=      50.0ns
  clk=0
Time=      50.0ns
  clk=1
Time=      55.0ns
  clk=1
reset=0
  Testing PC for instruction           3
    Your iaddrbus =    0000000000000000000000000000000000000000000000000000000000001100
    Correct iaddrbus = 0000000000000000000000000000000000000000000000000000000000001100
  instrbus=110100 00000 00000 00000 01010011000 for instruction           3:        LDUR R24, [R20,0]
  Testing data address for instruction           0:
         SUBI R20, R31, #1
    Your daddrbus =    1111111111111111111111111111111111111111111111111111111111111111
    Correct daddrbus = 1111111111111111111111111111111111111111111111111111111111111111
Time=      55.0ns
  clk=0
Time=      60.0ns
  clk=0
Time=      60.0ns
  clk=1
Time=      65.0ns
  clk=1
reset=0
  Testing PC for instruction           4
    Your iaddrbus =    0000000000000000000000000000000000000000000000000000000000010000
    Correct iaddrbus = 0000000000000000000000000000000000000000000000000000000000010000
  instrbus=110100 00000 00000 00000 01010111001 for instruction           4:        LDUR R25, [R21,0]
  Testing data address for instruction           1:
      ADDI R21, R31, #1010
    Your daddrbus =    0000000000000000000000000000000000000000000000000000000000001010
    Correct daddrbus = 0000000000000000000000000000000000000000000000000000000000001010
Time=      65.0ns
  clk=0
Time=      70.0ns
  clk=0
Time=      70.0ns
  clk=1
Time=      75.0ns
  clk=1
reset=0
  Testing PC for instruction           5
    Your iaddrbus =    0000000000000000000000000000000000000000000000000000000000010100
    Correct iaddrbus = 0000000000000000000000000000000000000000000000000000000000010100
  instrbus=110100 00001 00000 10100 11011010100 for instruction           5:       STUR R20, [R22,10]
  Testing data address for instruction           2:
         ADDI R22, R31, #1
    Your daddrbus =    0000000000000000000000000000000000000000000000000000000000000001
    Correct daddrbus = 0000000000000000000000000000000000000000000000000000000000000001
Time=      75.0ns
  clk=0
Time=      80.0ns
  clk=0
Time=      80.0ns
  clk=1
Time=      85.0ns
  clk=1
reset=0
  Testing PC for instruction           6
    Your iaddrbus =    0000000000000000000000000000000000000000000000000000000000011000
    Correct iaddrbus = 0000000000000000000000000000000000000000000000000000000000011000
  instrbus=001010 00100 11000 00000 01011001010 for instruction           6:       EOR  R10, R22, R24
  Testing data address for instruction           3:
         LDUR R24, [R20,0]
    Your daddrbus =    1111111111111111111111111111111111111111111111111111111111111111
    Correct daddrbus = 1111111111111111111111111111111111111111111111111111111111111111
Time=      85.0ns
  clk=0
Time=      90.0ns
  clk=0
Time=      90.0ns
  clk=1
Time=      95.0ns
  clk=1
reset=0
  Testing PC for instruction           7
    Your iaddrbus =    0000000000000000000000000000000000000000000000000000000000011100
    Correct iaddrbus = 0000000000000000000000000000000000000000000000000000000000011100
  instrbus=001010 00110 00001 00010 01100010111 for instruction           7:        LSL  R23, R24, #4
  Testing data address for instruction           4:
         LDUR R25, [R21,0]
    Your daddrbus =    0000000000000000000000000000000000000000000000000000000000001010
    Correct daddrbus = 0000000000000000000000000000000000000000000000000000000000001010
Time=      95.0ns
  clk=0
Time=     100.0ns
  clk=0
Time=     100.0ns
  clk=1
Time=     105.0ns
  clk=1
reset=0
  Testing PC for instruction           8
    Your iaddrbus =    0000000000000000000000000000000000000000000000000000000000100000
    Correct iaddrbus = 0000000000000000000000000000000000000000000000000000000000100000
  instrbus=001010 00010 11000 00000 01011010100 for instruction           8:       AND  R20, R22, R24
  Testing data address for instruction           5:
        STUR R20, [R22,10]
    Your daddrbus =    0000000000000000000000000000000000000000000000000000000000001011
    Correct daddrbus = 0000000000000000000000000000000000000000000000000000000000001011
  Testing store data for instruction           5:
        STUR R20, [R22,10]
    Your databus =    1111111111111111111111111111111111111111111111111111111111111111
    Correct databus = 1111111111111111111111111111111111111111111111111111111111111111
Time=     105.0ns
  clk=0
Time=     110.0ns
  clk=0
Time=     110.0ns
  clk=1
Time=     115.0ns
  clk=1
reset=0
  Testing PC for instruction           9
    Your iaddrbus =    0000000000000000000000000000000000000000000000000000000000100100
    Correct iaddrbus = 0000000000000000000000000000000000000000000000000000000000100100
  instrbus=110100 00001 00001 01000 11011010101 for instruction           9:      STUR R21, [R22, 20]
  Testing data address for instruction           6:
        EOR  R10, R22, R24
    Your daddrbus =    1100110011001100110011001100110011001100110011001100110011001101
    Correct daddrbus = 1100110011001100110011001100110011001100110011001100110011001101
Time=     115.0ns
  clk=0
Time=     120.0ns
  clk=0
Time=     120.0ns
  clk=1
Time=     125.0ns
  clk=1
reset=0
  Testing PC for instruction          10
    Your iaddrbus =    0000000000000000000000000000000000000000000000000000000000101000
    Correct iaddrbus = 0000000000000000000000000000000000000000000000000000000000101000
  instrbus=001010 00010 11001 00000 01011010101 for instruction          10:       AND  R21, R22, R25
  Testing data address for instruction           7:
         LSL  R23, R24, #4
    Your daddrbus =    1100110011001100110011001100110011001100110011001100110011000000
    Correct daddrbus = 1100110011001100110011001100110011001100110011001100110011000000
Time=     125.0ns
  clk=0
Time=     130.0ns
  clk=0
Time=     130.0ns
  clk=1
Time=     135.0ns
  clk=1
reset=0
  Testing PC for instruction          11
    Your iaddrbus =    0000000000000000000000000000000000000000000000000000000000101100
    Correct iaddrbus = 0000000000000000000000000000000000000000000000000000000000101100
  instrbus=001010 00000 11001 00000 01100011100 for instruction          11:       ADD  R28, R24, R25
  Testing data address for instruction           8:
        AND  R20, R22, R24
    Your daddrbus =    0000000000000000000000000000000000000000000000000000000000000000
    Correct daddrbus = 0000000000000000000000000000000000000000000000000000000000000000
Time=     135.0ns
  clk=0
Time=     140.0ns
  clk=0
Time=     140.0ns
  clk=1
Time=     145.0ns
  clk=1
reset=0
  Testing PC for instruction          12
    Your iaddrbus =    0000000000000000000000000000000000000000000000000000000000110000
    Correct iaddrbus = 0000000000000000000000000000000000000000000000000000000000110000
  instrbus=100010 01110 00000 00111 11100010011 for instruction          12:      SUBI R19, R24, 1111
  Testing data address for instruction           9:
       STUR R21, [R22, 20]
    Your daddrbus =    0000000000000000000000000000000000000000000000000000000000010101
    Correct daddrbus = 0000000000000000000000000000000000000000000000000000000000010101
  Testing store data for instruction           9:
       STUR R21, [R22, 20]
    Your databus =    0000000000000000000000000000000000000000000000000000000000001010
    Correct databus = 0000000000000000000000000000000000000000000000000000000000001010
Time=     145.0ns
  clk=0
Time=     150.0ns
  clk=0
Time=     150.0ns
  clk=1
Time=     155.0ns
  clk=1
reset=0
  Testing PC for instruction          13
    Your iaddrbus =    0000000000000000000000000000000000000000000000000000000000110100
    Correct iaddrbus = 0000000000000000000000000000000000000000000000000000000000110100
  instrbus=001010 00000 11001 00000 01100011101 for instruction          13:       ADD  R29, R24, R25
  Testing data address for instruction          10:
        AND  R21, R22, R25
    Your daddrbus =    0000000000000000000000000000000000000000000000000000000000000000
    Correct daddrbus = 0000000000000000000000000000000000000000000000000000000000000000
Time=     155.0ns
  clk=0
Time=     160.0ns
  clk=0
Time=     160.0ns
  clk=1
Time=     165.0ns
  clk=1
reset=0
  Testing PC for instruction          14
    Your iaddrbus =    0000000000000000000000000000000000000000000000000000000000111000
    Correct iaddrbus = 0000000000000000000000000000000000000000000000000000000000111000
  instrbus=100010 01100 00100 01000 11010010010 for instruction          14:    ORRI R18, R20, 0x1111
  Testing data address for instruction          11:
        ADD  R28, R24, R25
    Your daddrbus =    0111011101110111011101110111011101110111011101110111011101110110
    Correct daddrbus = 0111011101110111011101110111011101110111011101110111011101110110
Time=     165.0ns
  clk=0
Time=     170.0ns
  clk=0
Time=     170.0ns
  clk=1
Time=     175.0ns
  clk=1
reset=0
  Testing PC for instruction          15
    Your iaddrbus =    0000000000000000000000000000000000000000000000000000000000111100
    Correct iaddrbus = 0000000000000000000000000000000000000000000000000000000000111100
  instrbus=001010 01000 10101 00000 01010011110 for instruction          15:       ORR  R30, R20, R21
  Testing data address for instruction          12:
       SUBI R19, R24, 1111
    Your daddrbus =    1100110011001100110011001100110011001100110011001100110010111101
    Correct daddrbus = 1100110011001100110011001100110011001100110011001100110010111101
Time=     175.0ns
  clk=0
Time=     180.0ns
  clk=0
Time=     180.0ns
  clk=1
Time=     185.0ns
  clk=1
reset=0
  Testing PC for instruction          16
    Your iaddrbus =    0000000000000000000000000000000000000000000000000000000001000000
    Correct iaddrbus = 0000000000000000000000000000000000000000000000000000000001000000
  instrbus=000011 00000 00000 00000 01100000000 for instruction          16:                B    #300
  Testing data address for instruction          13:
        ADD  R29, R24, R25
    Your daddrbus =    0111011101110111011101110111011101110111011101110111011101110110
    Correct daddrbus = 0111011101110111011101110111011101110111011101110111011101110110
Time=     185.0ns
  clk=0
Time=     190.0ns
  clk=0
Time=     190.0ns
  clk=1
Time=     195.0ns
  clk=1
reset=0
  Testing PC for instruction          17
    Your iaddrbus =    0000000000000000000000000000000000000000000000000000000001000100
    Correct iaddrbus = 0000000000000000000000000000000000000000000000000000000001000100
  instrbus=001010 00101 10101 00000 01010001010 for instruction          17:       ENOR R10, R20, R21
  Testing data address for instruction          14:
     ORRI R18, R20, 0x1111
    Your daddrbus =    0000000000000000000000000000000000000000000000000000000100010001
    Correct daddrbus = 0000000000000000000000000000000000000000000000000000000100010001
Time=     195.0ns
  clk=0
Time=     200.0ns
  clk=0
Time=     200.0ns
  clk=1
Time=     205.0ns
  clk=1
reset=0
  Testing PC for instruction          18
    Your iaddrbus =    0000000000000000000000000000000000000000000000000000110001000000
    Correct iaddrbus = 0000000000000000000000000000000000000000000000000000110001000000
  instrbus=001010 00100 10101 00000 01010001001 for instruction          18:       EOR  R9,  R20, R21
  Testing data address for instruction          15:
        ORR  R30, R20, R21
    Your daddrbus =    0000000000000000000000000000000000000000000000000000000000000000
    Correct daddrbus = 0000000000000000000000000000000000000000000000000000000000000000
Time=     205.0ns
  clk=0
Time=     210.0ns
  clk=0
Time=     210.0ns
  clk=1
Time=     215.0ns
  clk=1
reset=0
  Testing PC for instruction          19
    Your iaddrbus =    0000000000000000000000000000000000000000000000000000110001000100
    Correct iaddrbus = 0000000000000000000000000000000000000000000000000000110001000100
  instrbus=001010 01001 10101 00000 01111101111 for instruction          19:       SUB  R15, R31, R21
  Testing data address for instruction          16:
                 B    #300
    Your daddrbus =    1100110011001100110011001100110011001100110011001100110011001100
    Correct daddrbus = 1100110011001100110011001100110011001100110011001100110011001100
Time=     215.0ns
  clk=0
Time=     220.0ns
  clk=0
Time=     220.0ns
  clk=1
Time=     225.0ns
  clk=1
reset=0
  Testing PC for instruction          20
    Your iaddrbus =    0000000000000000000000000000000000000000000000000000110001001000
    Correct iaddrbus = 0000000000000000000000000000000000000000000000000000110001001000
  instrbus=001010 00110 00001 00001 00101001011 for instruction          20:        LSL  R11, R10, #2
  Testing data address for instruction          17:
        ENOR R10, R20, R21
    Your daddrbus =    1111111111111111111111111111111111111111111111111111111111111111
    Correct daddrbus = 1111111111111111111111111111111111111111111111111111111111111111
Time=     225.0ns
  clk=0
Time=     230.0ns
  clk=0
Time=     230.0ns
  clk=1
Time=     235.0ns
  clk=1
reset=0
  Testing PC for instruction          21
    Your iaddrbus =    0000000000000000000000000000000000000000000000000000110001001100
    Correct iaddrbus = 0000000000000000000000000000000000000000000000000000110001001100
  instrbus=001010 00111 00001 00011 00100101100 for instruction          21:       LSR  R12, R9, #110
  Testing data address for instruction          18:
        EOR  R9,  R20, R21
    Your daddrbus =    0000000000000000000000000000000000000000000000000000000000000000
    Correct daddrbus = 0000000000000000000000000000000000000000000000000000000000000000
Time=     235.0ns
  clk=0
Time=     240.0ns
  clk=0
Time=     240.0ns
  clk=1
Time=     245.0ns
  clk=1
reset=0
  Testing PC for instruction          22
    Your iaddrbus =    0000000000000000000000000000000000000000000000000000110001010000
    Correct iaddrbus = 0000000000000000000000000000000000000000000000000000110001010000
  instrbus=100010 00100 11111 11111 10111110100 for instruction          22:      ANDI R20, R15, #7FF
  Testing data address for instruction          19:
        SUB  R15, R31, R21
    Your daddrbus =    0000000000000000000000000000000000000000000000000000000000000000
    Correct daddrbus = 0000000000000000000000000000000000000000000000000000000000000000
Time=     245.0ns
  clk=0
Time=     250.0ns
  clk=0
Time=     250.0ns
  clk=1
Time=     255.0ns
  clk=1
reset=0
  Testing PC for instruction          23
    Your iaddrbus =    0000000000000000000000000000000000000000000000000000110001010100
    Correct iaddrbus = 0000000000000000000000000000000000000000000000000000110001010100
  instrbus=100010 10000 00000 00000 11011011111 for instruction          23:       SUBIS R31, R22, #1
  Testing data address for instruction          20:
         LSL  R11, R10, #2
    Your daddrbus =    1111111111111111111111111111111111111111111111111111111111111100
    Correct daddrbus = 1111111111111111111111111111111111111111111111111111111111111100
Time=     255.0ns
  clk=0
Time=     260.0ns
  clk=0
Time=     260.0ns
  clk=1
Time=     265.0ns
  clk=1
reset=0
  Testing PC for instruction          24
    Your iaddrbus =    0000000000000000000000000000000000000000000000000000110001011000
    Correct iaddrbus = 0000000000000000000000000000000000000000000000000000110001011000
  instrbus=011101 00000 00000 00000 01000000000 for instruction          24:                 BEQ  #16
  Testing data address for instruction          21:
        LSR  R12, R9, #110
    Your daddrbus =    0000000000000000000000000000000000000000000000000000000000000000
    Correct daddrbus = 0000000000000000000000000000000000000000000000000000000000000000
Time=     265.0ns
  clk=0
Time=     270.0ns
  clk=0
Time=     270.0ns
  clk=1
Time=     275.0ns
  clk=1
reset=0
  Testing PC for instruction          25
    Your iaddrbus =    0000000000000000000000000000000000000000000000000000110001011100
    Correct iaddrbus = 0000000000000000000000000000000000000000000000000000110001011100
  instrbus=100010 01000 00000 00000 11111111111 for instruction          25:        EORI R31, R31, #1
  Testing data address for instruction          22:
       ANDI R20, R15, #7FF
    Your daddrbus =    0000000000000000000000000000000000000000000000000000000000000000
    Correct daddrbus = 0000000000000000000000000000000000000000000000000000000000000000
Time=     275.0ns
  clk=0
Time=     280.0ns
  clk=0
Time=     280.0ns
  clk=1
Time=     285.0ns
  clk=1
reset=0
  Testing PC for instruction          26
    Your iaddrbus =    0000000000000000000000000000000000000000000000000000110010011000
    Correct iaddrbus = 0000000000000000000000000000000000000000000000000000110010011000
  instrbus=100010 00010 00000 00111 11111100010 for instruction          26:      ADDIS R2,  R31, #15
  Testing data address for instruction          23:
        SUBIS R31, R22, #1
    Your daddrbus =    0000000000000000000000000000000000000000000000000000000000000000
    Correct daddrbus = 0000000000000000000000000000000000000000000000000000000000000000
Time=     285.0ns
  clk=0
Time=     290.0ns
  clk=0
Time=     290.0ns
  clk=1
Time=     295.0ns
  clk=1
reset=0
  Testing PC for instruction          27
    Your iaddrbus =    0000000000000000000000000000000000000000000000000000110010011100
    Correct iaddrbus = 0000000000000000000000000000000000000000000000000000110010011100
  instrbus=011101 11000 00000 00000 10010010100 for instruction          27:                 BGE  #24
Time=     295.0ns
  clk=0
Time=     300.0ns
  clk=0
Time=     300.0ns
  clk=1
Time=     305.0ns
  clk=1
reset=0
  Testing PC for instruction          28
    Your iaddrbus =    0000000000000000000000000000000000000000000000000000110010100000
    Correct iaddrbus = 0000000000000000000000000000000000000000000000000000110010100000
  instrbus=001010 00101 11111 00000 01011011111 for instruction          28:  NOP  ENOR R31, R22, R31
  Testing data address for instruction          25:
         EORI R31, R31, #1
    Your daddrbus =    0000000000000000000000000000000000000000000000000000000000000001
    Correct daddrbus = 0000000000000000000000000000000000000000000000000000000000000001
Time=     305.0ns
  clk=0
Time=     310.0ns
  clk=0
Time=     310.0ns
  clk=1
Time=     315.0ns
  clk=1
reset=0
  Testing PC for instruction          29
    Your iaddrbus =    0000000000000000000000000000000000000000000000000000110100101100
    Correct iaddrbus = 0000000000000000000000000000000000000000000000000000110100101100
  instrbus=001010 01001 10101 00000 01010011111 for instruction          29:  NOP  SUB  R31, R20, R21
  Testing data address for instruction          26:
       ADDIS R2,  R31, #15
    Your daddrbus =    0000000000000000000000000000000000000000000000000000000000001111
    Correct daddrbus = 0000000000000000000000000000000000000000000000000000000000001111
Time=     315.0ns
  clk=0
Time=     320.0ns
  clk=0
Time=     320.0ns
  clk=1
Time=     325.0ns
  clk=1
reset=0
  Testing PC for instruction          30
    Your iaddrbus =    0000000000000000000000000000000000000000000000000000110100110000
    Correct iaddrbus = 0000000000000000000000000000000000000000000000000000110100110000
  instrbus=001010 01010 11100 00000 01100011111 for instruction          30:       SUBS R31, R24, R28
  Testing data address for instruction          27:
                  BGE  #24
    Your daddrbus =    xxxxxxxxxxxxxxxxxxxxxxxxxxxxxxxxxxxxxxxxxxxxxxxxxxxxxxxxxxxxxxx0
    Correct daddrbus = 1001100110011001100110011001100110011001100110011001100110011000
    -------------ERROR. A Mismatch Has Occured-----------
Time=     325.0ns
  clk=0
Time=     330.0ns
  clk=0
Time=     330.0ns
  clk=1
Time=     335.0ns
  clk=1
reset=0
  Testing PC for instruction          31
    Your iaddrbus =    0000000000000000000000000000000000000000000000000000110100110100
    Correct iaddrbus = 0000000000000000000000000000000000000000000000000000110100110100
  instrbus=011101 10000 00000 00000 01000000000 for instruction          31:                 BLT  #16
  Testing data address for instruction          28:
   NOP  ENOR R31, R22, R31
    Your daddrbus =    1111111111111111111111111111111111111111111111111111111111111110
    Correct daddrbus = 1111111111111111111111111111111111111111111111111111111111111110
Time=     335.0ns
  clk=0
Time=     340.0ns
  clk=0
Time=     340.0ns
  clk=1
Time=     345.0ns
  clk=1
reset=0
  Testing PC for instruction          32
    Your iaddrbus =    0000000000000000000000000000000000000000000000000000110100111000
    Correct iaddrbus = 0000000000000000000000000000000000000000000000000000110100111000
  instrbus=001010 00011 11111 00000 01010011111 for instruction          32: OP  ANDS  R31,  R20, R31
Time=     345.0ns
  clk=0
Time=     350.0ns
  clk=0
Time=     350.0ns
  clk=1
Time=     355.0ns
  clk=1
reset=0
  Testing PC for instruction          33
    Your iaddrbus =    0000000000000000000000000000000000000000000000000000110101110100
    Correct iaddrbus = 0000000000000000000000000000000000000000000000000000110101110100
  instrbus=001010 00001 11111 00000 01010011111 for instruction          33: OP  ADDS  R31,  R20, R31
  Testing data address for instruction          30:
        SUBS R31, R24, R28
    Your daddrbus =    0101010101010101010101010101010101010101010101010101010101010110
    Correct daddrbus = 0101010101010101010101010101010101010101010101010101010101010110
Time=     355.0ns
  clk=0
Time=     360.0ns
  clk=0
Time=     360.0ns
  clk=1
Time=     365.0ns
  clk=1
reset=0
  Testing PC for instruction          34
    Your iaddrbus =    0000000000000000000000000000000000000000000000000000110101111000
    Correct iaddrbus = 0000000000000000000000000000000000000000000000000000110101111000
  instrbus=001010 01000 11000 00000 01010011111 for instruction          34:      ORR  R31,  R20, R24
Time=     365.0ns
  clk=0
Time=     370.0ns
  clk=0
Time=     370.0ns
  clk=1
Time=     375.0ns
  clk=1
reset=0
  Testing PC for instruction          35
    Your iaddrbus =    0000000000000000000000000000000000000000000000000000110101111100
    Correct iaddrbus = 0000000000000000000000000000000000000000000000000000110101111100
  instrbus=001010 00011 11111 00000 01011011111 for instruction          35:      ANDS R31,  R22, R31
  Testing data address for instruction          32:
  OP  ANDS  R31,  R20, R31
    Your daddrbus =    0000000000000000000000000000000000000000000000000000000000000000
    Correct daddrbus = 0000000000000000000000000000000000000000000000000000000000000000
Time=     375.0ns
  clk=0
Time=     380.0ns
  clk=0
Time=     380.0ns
  clk=1
Time=     385.0ns
  clk=1
reset=0
  Testing PC for instruction          36
    Your iaddrbus =    0000000000000000000000000000000000000000000000000000110110000000
    Correct iaddrbus = 0000000000000000000000000000000000000000000000000000110110000000
  instrbus=011101 01000 00000 00000 00010000000 for instruction          36:                  BNE  #4
  Testing data address for instruction          33:
  OP  ADDS  R31,  R20, R31
    Your daddrbus =    0000000000000000000000000000000000000000000000000000000000000000
    Correct daddrbus = 0000000000000000000000000000000000000000000000000000000000000000
Time=     385.0ns
  clk=0
Time=     390.0ns
  clk=0
Time=     390.0ns
  clk=1
Time=     395.0ns
  clk=1
reset=0
  Testing PC for instruction          37
    Your iaddrbus =    0000000000000000000000000000000000000000000000000000110110000100
    Correct iaddrbus = 0000000000000000000000000000000000000000000000000000110110000100
  instrbus=100010 01010 00000 00000 01111111111 for instruction          37: NOP  ENORI R31,  R31, #0
  Testing data address for instruction          34:
       ORR  R31,  R20, R24
    Your daddrbus =    1100110011001100110011001100110011001100110011001100110011001100
    Correct daddrbus = 1100110011001100110011001100110011001100110011001100110011001100
Time=     395.0ns
  clk=0
Time=     400.0ns
  clk=0
Time=     400.0ns
  clk=1
Time=     405.0ns
  clk=1
reset=0
  Testing PC for instruction          38
    Your iaddrbus =    0000000000000000000000000000000000000000000000000000110110001000
    Correct iaddrbus = 0000000000000000000000000000000000000000000000000000110110001000
  instrbus=001010 01010 01010 00000 00101111101 for instruction          38:      SUBS  R29, R11, R10
Time=     405.0ns
  clk=0
Time=     410.0ns
  clk=0
Time=     410.0ns
  clk=1
Time=     415.0ns
  clk=1
reset=0
  Testing PC for instruction          39
    Your iaddrbus =    0000000000000000000000000000000000000000000000000000110110001100
    Correct iaddrbus = 0000000000000000000000000000000000000000000000000000110110001100
  instrbus=100010 01100 00011 11000 01111110100 for instruction          39:     ORRI R20, R31, #h0F0
  Testing data address for instruction          36:
                   BNE  #4
    Your daddrbus =    xxxxxxxxxxxxxxxxxxxxxxxxxxxxxxxxxxxxxxxxxxxxxxxxxxxxxxxxxxxxxxxx
    Correct daddrbus = 0110011001100110011001100110011001100110011001100110011001100000
    -------------ERROR. A Mismatch Has Occured-----------
Time=     415.0ns
  clk=0
Time=     420.0ns
  clk=0
Time=     420.0ns
  clk=1
Time=     425.0ns
  clk=1
reset=0
  Testing PC for instruction          40
    Your iaddrbus =    0000000000000000000000000000000000000000000000000000110110010000
    Correct iaddrbus = 0000000000000000000000000000000000000000000000000000110110010000
  instrbus=001010 00111 00001 00101 01010011111 for instruction          40:     LSR  R31, R20, 6'd10
  Testing data address for instruction          37:
  NOP  ENORI R31,  R31, #0
    Your daddrbus =    1111111111111111111111111111111111111111111111111111111111111111
    Correct daddrbus = 1111111111111111111111111111111111111111111111111111111111111111
Time=     425.0ns
  clk=0
Time=     430.0ns
  clk=0
Time=     430.0ns
  clk=1
Time=     435.0ns
  clk=1
reset=0
  Testing PC for instruction          41
    Your iaddrbus =    0000000000000000000000000000000000000000000000000000110110010100
    Correct iaddrbus = 0000000000000000000000000000000000000000000000000000110110010100
  instrbus=100010 00110 00011 11111 11010011111 for instruction          41:    ANDIS R31, R20, 0x0FF
  Testing data address for instruction          38:
       SUBS  R29, R11, R10
    Your daddrbus =    1111111111111111111111111111111111111111111111111111111111111101
    Correct daddrbus = 1111111111111111111111111111111111111111111111111111111111111101
Time=     435.0ns
  clk=0
Time=     440.0ns
  clk=0
Time=     440.0ns
  clk=1
Time=     445.0ns
  clk=1
reset=0
  Testing PC for instruction          42
    Your iaddrbus =    0000000000000000000000000000000000000000000000000000110110011000
    Correct iaddrbus = 0000000000000000000000000000000000000000000000000000110110011000
  instrbus=111101 00000 00000 00000 10000011111 for instruction          42:           CBZ  R31, #d32
  Testing data address for instruction          39:
      ORRI R20, R31, #h0F0
    Your daddrbus =    0000000000000000000000000000000000000000000000000000000011110000
    Correct daddrbus = 0000000000000000000000000000000000000000000000000000000011110000
Time=     445.0ns
  clk=0
Time=     450.0ns
  clk=0
Time=     450.0ns
  clk=1
Time=     455.0ns
  clk=1
reset=0
  Testing PC for instruction          43
    Your iaddrbus =    0000000000000000000000000000000000000000000000000000110110011100
    Correct iaddrbus = 0000000000000000000000000000000000000000000000000000110110011100
  instrbus=110010 10101 00010 00100 01000111111 for instruction          43:  R31, (<< 1*16), #h1111 
  Testing data address for instruction          40:
      LSR  R31, R20, 6'd10
    Your daddrbus =    0000000000000000000000000000000000000000000000000000000000000000
    Correct daddrbus = 0000000000000000000000000000000000000000000000000000000000000000
Time=     455.0ns
  clk=0
Time=     460.0ns
  clk=0
Time=     460.0ns
  clk=1
Time=     465.0ns
  clk=1
reset=0
  Testing PC for instruction          44
    Your iaddrbus =    0000000000000000000000000000000000000000000000000000111000011000
    Correct iaddrbus = 0000000000000000000000000000000000000000000000000000111000011000
  instrbus=110010 10110 00000 00000 00000111111 for instruction          44:  R31, (<< 2*16), #h0001 
  Testing data address for instruction          41:
     ANDIS R31, R20, 0x0FF
    Your daddrbus =    0000000000000000000000000000000000000000000000000000000000000000
    Correct daddrbus = 0000000000000000000000000000000000000000000000000000000000000000
Time=     465.0ns
  clk=0
Time=     470.0ns
  clk=0
Time=     470.0ns
  clk=1
Time=     475.0ns
  clk=1
reset=0
  Testing PC for instruction          45
    Your iaddrbus =    0000000000000000000000000000000000000000000000000000111000011100
    Correct iaddrbus = 0000000000000000000000000000000000000000000000000000111000011100
  instrbus=001010 00001 01001 00000 00101011111 for instruction          45:        ADDS R31, R10, R9
Time=     475.0ns
  clk=0
Time=     480.0ns
  clk=0
Time=     480.0ns
  clk=1
Time=     485.0ns
  clk=1
reset=0
  Testing PC for instruction          46
    Your iaddrbus =    0000000000000000000000000000000000000000000000000000111000100000
    Correct iaddrbus = 0000000000000000000000000000000000000000000000000000111000100000
  instrbus=100010 01010 00000 00000 01111111111 for instruction          46:      ENORI R31,  R31, #0
  Testing data address for instruction          43:
   R31, (<< 1*16), #h1111 
    Your daddrbus =    0000000000000000000000000000000000010001000100010000000000000000
    Correct daddrbus = 0000000000000000000000000000000000010001000100010000000000000000
Time=     485.0ns
  clk=0
Time=     490.0ns
  clk=0
Time=     490.0ns
  clk=1
Time=     495.0ns
  clk=1
reset=0
  Testing PC for instruction          47
    Your iaddrbus =    0000000000000000000000000000000000000000000000000000111000100100
    Correct iaddrbus = 0000000000000000000000000000000000000000000000000000111000100100
  instrbus=111101 01000 00000 00000 01000010100 for instruction          47:           CBNZ R20, #d16
  Testing data address for instruction          44:
   R31, (<< 2*16), #h0001 
    Your daddrbus =    0000000000000000000000000000000100000000000000000000000000000000
    Correct daddrbus = 0000000000000000000000000000000100000000000000000000000000000000
Time=     495.0ns
  clk=0
Time=     500.0ns
  clk=0
Time=     500.0ns
  clk=1
Time=     505.0ns
  clk=1
reset=0
  Testing PC for instruction          48
    Your iaddrbus =    0000000000000000000000000000000000000000000000000000111000101000
    Correct iaddrbus = 0000000000000000000000000000000000000000000000000000111000101000
  instrbus=100010 01000 00011 11111 11111111111 for instruction          48: OP  EORI  R31,  R31, #FF
Time=     505.0ns
  clk=0
Time=     510.0ns
  clk=0
Time=     510.0ns
  clk=1
Time=     515.0ns
  clk=1
reset=0
  Testing PC for instruction          49
    Your iaddrbus =    0000000000000000000000000000000000000000000000000000111001100100
    Correct iaddrbus = 0000000000000000000000000000000000000000000000000000111001100100
  instrbus=100010 00100 11111 11111 11111111111 for instruction          49: P  ANDI  R31,  R31, #FFF
  Testing data address for instruction          46:
       ENORI R31,  R31, #0
    Your daddrbus =    1111111111111111111111111111111111111111111111111111111111111111
    Correct daddrbus = 1111111111111111111111111111111111111111111111111111111111111111
Time=     515.0ns
  clk=0
Time=     520.0ns
  clk=0
Time=     520.0ns
  clk=1
Time=     525.0ns
  clk=1
reset=0
  Testing PC for instruction          50
    Your iaddrbus =    0000000000000000000000000000000000000000000000000000111001101000
    Correct iaddrbus = 0000000000000000000000000000000000000000000000000000111001101000
  instrbus=100010 10000 00000 10101 10110011111 for instruction          50: OP  SUBIS R31,  R12, #43
Time=     525.0ns
  clk=0
Time=     530.0ns
  clk=0
Time=     530.0ns
  clk=1
Time=     535.0ns
  clk=1
reset=0
  Testing PC for instruction          51
    Your iaddrbus =    0000000000000000000000000000000000000000000000000000111001101100
    Correct iaddrbus = 0000000000000000000000000000000000000000000000000000111001101100
  instrbus=100010 00010 00000 00101 11111111111 for instruction          51: P  ADDIS  R31,  R31, #11
  Testing data address for instruction          48:
  OP  EORI  R31,  R31, #FF
    Your daddrbus =    0000000000000000000000000000000000000000000000000000000011111111
    Correct daddrbus = 0000000000000000000000000000000000000000000000000000000011111111
Time=     535.0ns
  clk=0
Time=     540.0ns
  clk=0
Time=     540.0ns
  clk=1
Time=     545.0ns
  clk=1
reset=0
  Testing PC for instruction          52
    Your iaddrbus =    0000000000000000000000000000000000000000000000000000111001110000
    Correct iaddrbus = 0000000000000000000000000000000000000000000000000000111001110000
  instrbus=100010 00110 11111 11111 11111111111 for instruction          52:   ANDIS  R31,  R29, #7FF
  Testing data address for instruction          49:
  P  ANDI  R31,  R31, #FFF
    Your daddrbus =    0000000000000000000000000000000000000000000000000000000000000000
    Correct daddrbus = 0000000000000000000000000000000000000000000000000000000000000000
Time=     545.0ns
  clk=0
Time=     550.0ns
  clk=0
--------- SIMULATION UNSUCCESFUL - MISMATCHES HAVE OCCURED ----------
 Number Of Errors =           2
 Total Test numbers =          59
 Total number of correct operations =          57
 
WARNING - WARNING - WARNING - WARNING - WARNING
THIS IS NOT THE TESTBENCH THAT SHALL BE USED TO GRADE YOUR INDIVIDUAL PROJECT
THE PURPOSE OF THIS TESTBENCH IS TO GET YOU STARTED
A MORE COMPLICATED TESTBENCH WILL BE USED TO FULLY TEST YOUR DESIGN
THIS TESTBENCH MAY CONTAIN BUGS
END OF WARNING
 
